<?xml version="1.0" encoding="UTF-8" ?>
<beans xmlns="http://www.springframework.org/schema/beans"
	xmlns:xsi="http://www.w3.org/2001/XMLSchema-instance"
	xmlns:aop="http://www.springframework.org/schema/aop"
	xmlns:tx="http://www.springframework.org/schema/tx"
	xmlns:p="http://www.springframework.org/schema/p"
	xsi:schemaLocation="http://www.springframework.org/schema/beans 
	http://www.springframework.org/schema/beans/spring-beans-4.0.xsd
	http://www.springframework.org/schema/aop http://www.springframework.org/schema/aop/spring-aop-4.0.xsd
	http://www.springframework.org/schema/tx http://www.springframework.org/schema/tx/spring-tx-4.0.xsd">
	<!-- 配置数据源 -->
	<bean id="dataSource" class="com.mchange.v2.c3p0.ComboPooledDataSource"
		destroy-method="close"
		p:driverClass="com.mysql.jdbc.Driver"
		p:jdbcUrl="jdbc:mysql://localhost:3306/car_management?useSSL=false"
		p:user="root"
		p:password="fanxin"
		p:maxPoolSize="40"
		p:minPoolSize="2"
		p:initialPoolSize="2"
		p:maxIdleTime="30"/>
		
	<bean id="sessionFactory" class="org.springframework.orm.hibernate4.LocalSessionFactoryBean"
		p:dataSource-ref="dataSource">
		<property value="pers.fanxin.carmanagement.security.entity" name="packagesToScan" />
		<property name="hibernateProperties">
			<props>
				<prop key="hibernate.dialect">org.hibernate.dialect.MySQLDialect</prop>
				<prop key="hibernate.hbm2ddl.auto">update</prop>
				<prop key="hibernate.show_sql">true</prop>
				<prop key="current_session_context_class">thread</prop>
			</props>
		</property>
	</bean>
	
	<bean id="transactionManager"
        class="org.springframework.orm.hibernate4.HibernateTransactionManager">
        <property name="sessionFactory" ref="sessionFactory" />
    </bean>
    <!-- 事务配置 -->
    <!-- hibernate4必须配置为开启事务 否则 getCurrentSession()获取不到  -->
    <tx:advice id="txAdvice" transaction-manager="transactionManager">
        <tx:attributes>
            <tx:method name="save*" propagation="REQUIRED"/>
            <tx:method name="update*" propagation="REQUIRED"/>
            <tx:method name="find*" propagation="REQUIRED" read-only="true"/>
            <tx:method name="*"/>
            <!-- PROPAGATION_REQUIRED：支持当前事务，如果当前没有事务，就新建一个事务。这是最常见的选择。 -->
        </tx:attributes>
    </tx:advice>
    
    <!-- 事务绑定 -->
    <aop:config proxy-target-class="true"> 
    	<aop:pointcut expression="execution(* pers.fanxin.carmanagement.*.*.*DAO.*(..))" id="pointcut"/>
 		<aop:advisor advice-ref="txAdvice" pointcut-ref="pointcut"/> 
 		<!-- <aop:advisor advice-ref="txAdvice" pointcut="execution(* dao.*.*(..))"/> -->
	</aop:config> 
	<!-- 声明方式使用 -->
	<!--  <tx:annotation-driven transaction-manager="transactionManager"/>-->
	
</beans>