<?xml version="1.0" encoding="UTF-8"?>
<beans xmlns="http://www.springframework.org/schema/beans"
	xmlns:xsi="http://www.w3.org/2001/XMLSchema-instance" 
	xmlns:context="http://www.springframework.org/schema/context"
	xmlns:mvc="http://www.springframework.org/schema/mvc"
	xsi:schemaLocation="http://www.springframework.org/schema/mvc 
	http://www.springframework.org/schema/mvc/spring-mvc-4.0.xsd
	http://www.springframework.org/schema/beans 
	http://www.springframework.org/schema/beans/spring-beans-4.0.xsd
	http://www.springframework.org/schema/context 
	http://www.springframework.org/schema/context/spring-context-4.0.xsd">
	<!--扫描包-->
	<context:component-scan base-package="pers.fanxin.carmanagement.*" />

<bean id="mappingJacksonHttpMessageConverter" class="org.springframework.http.converter.json.MappingJacksonHttpMessageConverter">  
    <property name="supportedMediaTypes">  
        <list>  
            <value>application/json;charset=UTF-8</value>  
       </list>  
    </property>
</bean>

	<!-- ①注册ConversionService -->
	<bean id="conversionService"
		class="org.springframework.format.support.FormattingConversionServiceFactoryBean">
	</bean>

	<!-- ②使用ConfigurableWebBindingInitializer注册conversionService -->
	<bean id="webBindingInitializer" 
		class="org.springframework.web.bind.support.ConfigurableWebBindingInitializer">
		<property name="conversionService" ref="conversionService" />
	</bean>

	<!--Spring3.1开始的注解 HandlerMapping -->
	<bean
		class="org.springframework.web.servlet.mvc.method.annotation.RequestMappingHandlerMapping" />
	<!--Spring3.1开始的注解 HandlerAdapter -->
	<bean class="org.springframework.web.servlet.mvc.method.annotation.RequestMappingHandlerAdapter">
		<!-- ③注册ConfigurableWebBindingInitializer到RequestMappingHandlerAdapter -->
		<property name="webBindingInitializer" ref="webBindingInitializer" />
		<property name="messageConverters">
			<list>
				<ref bean="mappingJacksonHttpMessageConverter"/>
			</list>
		</property>
	</bean>

	<!-- ViewResolver -->
	<bean
		class="org.springframework.web.servlet.view.InternalResourceViewResolver">
		<property name="viewClass"
			value="org.springframework.web.servlet.view.JstlView" />
		<property name="prefix" value="/WEB-INF/jsp/" />
		<property name="suffix" value=".jsp" />
	</bean>
	
	<mvc:resources location="/" mapping="/**/*.html"/>
	<mvc:resources location="/" mapping="/**/*.js"/>
	<mvc:resources location="/" mapping="/**/*.css"/>
	<mvc:resources location="/" mapping="/**/*.png"/>
	<mvc:resources location="/" mapping="/**/*.gif"/>
	<mvc:resources location="/" mapping="/**/*.jpg"/>
	<mvc:resources location="/static/fonts/" mapping="/static/fonts/**"/>
</beans>